
用户已删除。


用户已创建。


授权成功。

已连接。
alter table t_email_file
*
第 1 行出现错误: 
ORA-00942: 表或视图不存在 


alter table t_post_file
*
第 1 行出现错误: 
ORA-00942: 表或视图不存在 


drop table t_datadic cascade constraints
           *
第 1 行出现错误: 
ORA-00942: 表或视图不存在 


drop table t_email cascade constraints
           *
第 1 行出现错误: 
ORA-00942: 表或视图不存在 


drop table t_email_file cascade constraints
           *
第 1 行出现错误: 
ORA-00942: 表或视图不存在 


drop table t_menu cascade constraints
           *
第 1 行出现错误: 
ORA-00942: 表或视图不存在 


drop table t_post cascade constraints
           *
第 1 行出现错误: 
ORA-00942: 表或视图不存在 


drop table t_post_file cascade constraints
           *
第 1 行出现错误: 
ORA-00942: 表或视图不存在 


drop table t_post_user cascade constraints
           *
第 1 行出现错误: 
ORA-00942: 表或视图不存在 


drop table t_receiveemail cascade constraints
           *
第 1 行出现错误: 
ORA-00942: 表或视图不存在 


drop table t_role cascade constraints
           *
第 1 行出现错误: 
ORA-00942: 表或视图不存在 


drop table t_role_menu cascade constraints
           *
第 1 行出现错误: 
ORA-00942: 表或视图不存在 


drop table t_status_time cascade constraints
           *
第 1 行出现错误: 
ORA-00942: 表或视图不存在 


drop table t_tips cascade constraints
           *
第 1 行出现错误: 
ORA-00942: 表或视图不存在 


drop table t_user cascade constraints
           *
第 1 行出现错误: 
ORA-00942: 表或视图不存在 


drop table t_user_role cascade constraints
           *
第 1 行出现错误: 
ORA-00942: 表或视图不存在 



表已创建。


表已创建。


注释已创建。


注释已创建。


注释已创建。


注释已创建。


注释已创建。


注释已创建。


注释已创建。


表已更改。


表已创建。


注释已创建。


注释已创建。


注释已创建。


注释已创建。


注释已创建。


表已更改。


表已更改。


表已创建。


注释已创建。


注释已创建。


注释已创建。


注释已创建。


注释已创建。


注释已创建。


注释已创建。


注释已创建。


注释已创建。


注释已创建。


表已创建。


注释已创建。


注释已创建。


注释已创建。


注释已创建。


注释已创建。


注释已创建。


表已更改。


表已创建。


注释已创建。


注释已创建。


注释已创建。


注释已创建。


注释已创建。


注释已创建。


表已创建。


注释已创建。


注释已创建。


注释已创建。


表已创建。


注释已创建。


注释已创建。


注释已创建。


注释已创建。


注释已创建。


注释已创建。


注释已创建。


注释已创建。


注释已创建。


注释已创建。


注释已创建。


注释已创建。


表已创建。


注释已创建。


注释已创建。


注释已创建。


注释已创建。


表已创建。


注释已创建。


注释已创建。


注释已创建。


表已创建。


注释已创建。


注释已创建。


表已创建。


表已创建。


注释已创建。


注释已创建。


注释已创建。


注释已创建。


注释已创建。


注释已创建。


注释已创建。


注释已创建。


注释已创建。


注释已创建。


注释已创建。


注释已创建。


注释已创建。


注释已创建。


注释已创建。


注释已创建。


表已创建。


注释已创建。


表已更改。


序列已创建。


序列已创建。


序列已创建。


序列已创建。


序列已创建。


序列已创建。


序列已创建。


序列已创建。


序列已创建。


已创建 1 行。


已创建 1 行。


已创建 1 行。


已创建 1 行。


已创建 1 行。


已创建 1 行。


已创建 1 行。


已创建 1 行。


已创建 1 行。


已创建 1 行。


已创建 1 行。


已创建 1 行。


已创建 1 行。


已创建 1 行。


已创建 1 行。


已创建 1 行。


已创建 1 行。


已创建 1 行。


已创建 1 行。


已创建 1 行。


已创建 1 行。


已创建 1 行。


已创建 1 行。


已创建 1 行。


已创建 1 行。


已创建 1 行。


已创建 1 行。


已创建 1 行。


已创建 1 行。


已创建 1 行。


已创建 1 行。


已创建 1 行。


已创建 1 行。


已创建 1 行。


已创建 1 行。


已创建 1 行。


已创建 1 行。


已创建 1 行。


已创建 1 行。


已创建 1 行。


已创建 1 行。


已创建 1 行。


已创建 1 行。


已创建 1 行。


已创建 1 行。


已创建 1 行。


已创建 1 行。


已创建 1 行。


已创建 1 行。


已创建 1 行。


已创建 1 行。


已创建 1 行。


已创建 1 行。


已创建 1 行。


已创建 1 行。


已创建 1 行。


已创建 1 行。


已创建 1 行。


已创建 1 行。


已创建 1 行。


已创建 1 行。


已创建 1 行。


已创建 1 行。


已创建 1 行。


已创建 1 行。


已创建 1 行。


已创建 1 行。


已创建 1 行。


已创建 1 行。


已创建 1 行。


提交完成。

